<?xml version="1.0" encoding="UTF-8"?>
<testsuites name="Mocha Tests" time="6.837000000000001" tests="31" failures="0">
  <testsuite name="Root Suite" timestamp="2018-06-28T17:38:21" tests="0" failures="0" time="0">
  </testsuite>
  <testsuite name="Testing rom and normal users methods" timestamp="2018-06-28T17:38:21" tests="23" file="/mnt/d/dampe/Documents/TFG/RomManagerAPI/test/rom_test.js" failures="0" time="6.722">
    <testcase name="Testing rom and normal users methods should be able to sign up" time="2.012" classname="should be able to sign up">
    </testcase>
    <testcase name="Testing rom and normal users methods should fail accessing his roms" time="0.002" classname="should fail accessing his roms">
    </testcase>
    <testcase name="Testing rom and normal users methods should sign in as normal user" time="2.056" classname="should sign in as normal user">
    </testcase>
    <testcase name="Testing rom and normal users methods should be able to access his roms" time="0.957" classname="should be able to access his roms">
    </testcase>
    <testcase name="Testing rom and normal users methods should change his own data" time="0.053" classname="should change his own data">
    </testcase>
    <testcase name="Testing rom and normal users methods should be able to logout" time="0.001" classname="should be able to logout">
    </testcase>
    <testcase name="Testing rom and normal users methods shouldn&apos;t be able to sign in with old username" time="0.003" classname="shouldn&apos;t be able to sign in with old username">
    </testcase>
    <testcase name="Testing rom and normal users methods should sign in as normal user" time="0.051" classname="should sign in as normal user">
    </testcase>
    <testcase name="Testing rom and normal users methods should be able to access his roms" time="0.002" classname="should be able to access his roms">
    </testcase>
    <testcase name="Testing rom and normal users methods should not be able to access his users" time="0.001" classname="should not be able to access his users">
    </testcase>
    <testcase name="Testing rom and normal users methods should be able search rom data" time="0.401" classname="should be able search rom data">
    </testcase>
    <testcase name="Testing rom and normal users methods should be able search platform data" time="0.383" classname="should be able search platform data">
    </testcase>
    <testcase name="Testing rom and normal users methods should be able get rom data" time="0.369" classname="should be able get rom data">
    </testcase>
    <testcase name="Testing rom and normal users methods should be able get platform data" time="0.37" classname="should be able get platform data">
    </testcase>
    <testcase name="Testing rom and normal users methods should be able to upload a rom" time="0.034" classname="should be able to upload a rom">
    </testcase>
    <testcase name="Testing rom and normal users methods should be able to create a rom" time="0.005" classname="should be able to create a rom">
    </testcase>
    <testcase name="Testing rom and normal users methods should be able to access his roms and the new one" time="0.003" classname="should be able to access his roms and the new one">
    </testcase>
    <testcase name="Testing rom and normal users methods should be able to download a rom file" time="0.005" classname="should be able to download a rom file">
    </testcase>
    <testcase name="Testing rom and normal users methods should be able to update a rom" time="0.003" classname="should be able to update a rom">
    </testcase>
    <testcase name="Testing rom and normal users methods should be able to access a particular rom data" time="0.003" classname="should be able to access a particular rom data">
    </testcase>
    <testcase name="Testing rom and normal users methods should be able to delete a rom" time="0.005" classname="should be able to delete a rom">
    </testcase>
    <testcase name="Testing rom and normal users methods should be able to logout" time="0.002" classname="should be able to logout">
    </testcase>
    <testcase name="Testing rom and normal users methods should fail accessing roms after logout" time="0.001" classname="should fail accessing roms after logout">
    </testcase>
  </testsuite>
  <testsuite name="Testing users CRUD admin methods" timestamp="2018-06-28T17:38:28" tests="8" file="/mnt/d/dampe/Documents/TFG/RomManagerAPI/test/user_test.js" failures="0" time="0.11500000000000002">
    <testcase name="Testing users CRUD admin methods should fail accessing main page" time="0.002" classname="should fail accessing main page">
    </testcase>
    <testcase name="Testing users CRUD admin methods should sign in as admin" time="0.048" classname="should sign in as admin">
    </testcase>
    <testcase name="Testing users CRUD admin methods should be able to create a user" time="0.05" classname="should be able to create a user">
    </testcase>
    <testcase name="Testing users CRUD admin methods should be able to see users" time="0.003" classname="should be able to see users">
    </testcase>
    <testcase name="Testing users CRUD admin methods should be able to a particular user" time="0.003" classname="should be able to a particular user">
    </testcase>
    <testcase name="Testing users CRUD admin methods should be able to update users" time="0.003" classname="should be able to update users">
    </testcase>
    <testcase name="Testing users CRUD admin methods should be able to delete users" time="0.003" classname="should be able to delete users">
    </testcase>
    <testcase name="Testing users CRUD admin methods should not be able to see the deleted user" time="0.003" classname="should not be able to see the deleted user">
    </testcase>
  </testsuite>
</testsuites>